0 info it worked if it ends with ok
1 verbose cli [ '/home/seng/.nvm/versions/node/v6.11.0/bin/node',
1 verbose cli   '/home/seng/.nvm/versions/node/v6.11.0/bin/npm',
1 verbose cli   'run',
1 verbose cli   'webpack' ]
2 info using npm@3.10.10
3 info using node@v6.11.0
4 verbose run-script [ 'prewebpack', 'webpack', 'postwebpack' ]
5 info lifecycle es6-tutorial@1.0.0~prewebpack: es6-tutorial@1.0.0
6 silly lifecycle es6-tutorial@1.0.0~prewebpack: no script for prewebpack, continuing
7 info lifecycle es6-tutorial@1.0.0~webpack: es6-tutorial@1.0.0
8 verbose lifecycle es6-tutorial@1.0.0~webpack: unsafe-perm in lifecycle true
9 verbose lifecycle es6-tutorial@1.0.0~webpack: PATH: /home/seng/.nvm/versions/node/v6.11.0/lib/node_modules/npm/bin/node-gyp-bin:/home/seng/projects/es6-tutorial/node_modules/.bin:/home/seng/.nvm/versions/node/v6.11.0/bin:/home/seng/bin:/home/seng/.local/bin:/usr/local/sbin:/usr/local/bin:/usr/sbin:/usr/bin:/sbin:/bin:/usr/games:/usr/local/games
10 verbose lifecycle es6-tutorial@1.0.0~webpack: CWD: /home/seng/projects/es6-tutorial
11 silly lifecycle es6-tutorial@1.0.0~webpack: Args: [ '-c', 'webpack' ]
12 silly lifecycle es6-tutorial@1.0.0~webpack: Returned: code: 2  signal: null
13 info lifecycle es6-tutorial@1.0.0~webpack: Failed to exec webpack script
14 verbose stack Error: es6-tutorial@1.0.0 webpack: `webpack`
14 verbose stack Exit status 2
14 verbose stack     at EventEmitter.<anonymous> (/home/seng/.nvm/versions/node/v6.11.0/lib/node_modules/npm/lib/utils/lifecycle.js:255:16)
14 verbose stack     at emitTwo (events.js:106:13)
14 verbose stack     at EventEmitter.emit (events.js:191:7)
14 verbose stack     at ChildProcess.<anonymous> (/home/seng/.nvm/versions/node/v6.11.0/lib/node_modules/npm/lib/utils/spawn.js:40:14)
14 verbose stack     at emitTwo (events.js:106:13)
14 verbose stack     at ChildProcess.emit (events.js:191:7)
14 verbose stack     at maybeClose (internal/child_process.js:891:16)
14 verbose stack     at Process.ChildProcess._handle.onexit (internal/child_process.js:226:5)
15 verbose pkgid es6-tutorial@1.0.0
16 verbose cwd /home/seng/projects/es6-tutorial
17 error Linux 4.8.0-58-generic
18 error argv "/home/seng/.nvm/versions/node/v6.11.0/bin/node" "/home/seng/.nvm/versions/node/v6.11.0/bin/npm" "run" "webpack"
19 error node v6.11.0
20 error npm  v3.10.10
21 error code ELIFECYCLE
22 error es6-tutorial@1.0.0 webpack: `webpack`
22 error Exit status 2
23 error Failed at the es6-tutorial@1.0.0 webpack script 'webpack'.
23 error Make sure you have the latest version of node.js and npm installed.
23 error If you do, this is most likely a problem with the es6-tutorial package,
23 error not with npm itself.
23 error Tell the author that this fails on your system:
23 error     webpack
23 error You can get information on how to open an issue for this project with:
23 error     npm bugs es6-tutorial
23 error Or if that isn't available, you can get their info via:
23 error     npm owner ls es6-tutorial
23 error There is likely additional logging output above.
24 verbose exit [ 1, true ]
